<?xml version="1.0" encoding="UTF-8"?>
<!-- Generated by org.testng.reporters.JUnitXMLReporter -->
<testsuite hostname="AQQA-02" name="Create Expense Test Cases" tests="3" failures="0" timestamp="4 Apr 2017 04:36:15 GMT" time="276.297" errors="0">
  <testcase name="LoginLogout" time="22.705" classname="testCases_Mozilla.TC001_Login_to_SOLO"/>
  <testcase name="CreateBusinessExpense" time="83.82" classname="testCases_Mozilla.TC002_Create_Business_Expense"/>
  <testcase name="CreatePeronalExpense" time="69.403" classname="testCases_Mozilla.TC009_Create_Personal_Expense"/>
</testsuite> <!-- Create Expense Test Cases -->
