<?xml version="1.0" encoding="UTF-8"?>
<testng-results ignored="0" total="3" passed="3" failed="0" skipped="0">
  <reporter-output>
  </reporter-output>
  <suite started-at="2020-01-21T12:33:09 IST" name="Default suite" finished-at="2020-01-21T12:34:04 IST" duration-ms="54914">
    <groups>
    </groups>
    <test started-at="2020-01-21T12:33:09 IST" name="Default test" finished-at="2020-01-21T12:34:04 IST" duration-ms="54914">
      <class name="testpackage.UserLogin">
        <test-method is-config="true" signature="LaunchBrowser()[pri:0, instance:testpackage.UserLogin@3b07a0d6]" started-at="2020-01-21T12:33:09 IST" name="LaunchBrowser" finished-at="2020-01-21T12:33:27 IST" duration-ms="17437" status="PASS">
          <reporter-output>
          </reporter-output>
        </test-method> <!-- LaunchBrowser -->
        <test-method signature="loginCred(java.lang.String, java.lang.String)[pri:0, instance:testpackage.UserLogin@3b07a0d6]" started-at="2020-01-21T12:33:27 IST" name="loginCred" data-provider="getData" finished-at="2020-01-21T12:33:27 IST" duration-ms="397" status="PASS">
          <params>
            <param index="0">
              <value is-null="true"/>
            </param>
            <param index="1">
              <value is-null="true"/>
            </param>
          </params>
          <reporter-output>
          </reporter-output>
        </test-method> <!-- loginCred -->
        <test-method is-config="true" signature="TearDown()[pri:0, instance:testpackage.UserLogin@3b07a0d6]" started-at="2020-01-21T12:33:27 IST" name="TearDown" finished-at="2020-01-21T12:33:28 IST" duration-ms="750" status="PASS">
          <reporter-output>
          </reporter-output>
        </test-method> <!-- TearDown -->
        <test-method is-config="true" signature="LaunchBrowser()[pri:0, instance:testpackage.UserLogin@3b07a0d6]" started-at="2020-01-21T12:33:28 IST" name="LaunchBrowser" finished-at="2020-01-21T12:33:45 IST" duration-ms="16843" status="PASS">
          <reporter-output>
          </reporter-output>
        </test-method> <!-- LaunchBrowser -->
        <test-method signature="loginCred(java.lang.String, java.lang.String)[pri:0, instance:testpackage.UserLogin@3b07a0d6]" started-at="2020-01-21T12:33:45 IST" name="loginCred" data-provider="getData" finished-at="2020-01-21T12:33:45 IST" duration-ms="430" status="PASS">
          <params>
            <param index="0">
              <value is-null="true"/>
            </param>
            <param index="1">
              <value>
                <![CDATA[Aa123456]]>
              </value>
            </param>
          </params>
          <reporter-output>
          </reporter-output>
        </test-method> <!-- loginCred -->
        <test-method is-config="true" signature="TearDown()[pri:0, instance:testpackage.UserLogin@3b07a0d6]" started-at="2020-01-21T12:33:45 IST" name="TearDown" finished-at="2020-01-21T12:33:46 IST" duration-ms="711" status="PASS">
          <reporter-output>
          </reporter-output>
        </test-method> <!-- TearDown -->
        <test-method is-config="true" signature="LaunchBrowser()[pri:0, instance:testpackage.UserLogin@3b07a0d6]" started-at="2020-01-21T12:33:46 IST" name="LaunchBrowser" finished-at="2020-01-21T12:34:03 IST" duration-ms="16630" status="PASS">
          <reporter-output>
          </reporter-output>
        </test-method> <!-- LaunchBrowser -->
        <test-method signature="loginCred(java.lang.String, java.lang.String)[pri:0, instance:testpackage.UserLogin@3b07a0d6]" started-at="2020-01-21T12:34:03 IST" name="loginCred" data-provider="getData" finished-at="2020-01-21T12:34:03 IST" duration-ms="402" status="PASS">
          <params>
            <param index="0">
              <value is-null="true"/>
            </param>
            <param index="1">
              <value>
                <![CDATA[Aa123456]]>
              </value>
            </param>
          </params>
          <reporter-output>
          </reporter-output>
        </test-method> <!-- loginCred -->
        <test-method is-config="true" signature="TearDown()[pri:0, instance:testpackage.UserLogin@3b07a0d6]" started-at="2020-01-21T12:34:03 IST" name="TearDown" finished-at="2020-01-21T12:34:04 IST" duration-ms="706" status="PASS">
          <reporter-output>
          </reporter-output>
        </test-method> <!-- TearDown -->
      </class> <!-- testpackage.UserLogin -->
    </test> <!-- Default test -->
  </suite> <!-- Default suite -->
</testng-results>
