<?xml version="1.0" encoding="UTF-8"?>
<!-- Generated by org.testng.reporters.JUnitXMLReporter -->
<testsuite ignored="0" hostname="LAPTOP-D0EUV54V" failures="0" tests="3" name="Default test" time="54.914" errors="0" timestamp="2020-01-21T12:34:04 IST">
  <testcase classname="testpackage.UserLogin" name="loginCred" time="0.397"/>
  <testcase classname="testpackage.UserLogin" name="loginCred" time="0.43"/>
  <testcase classname="testpackage.UserLogin" name="loginCred" time="0.402"/>
</testsuite> <!-- Default test -->
