<?xml version="1.0" encoding="UTF-8"?>
<!-- Generated by org.testng.reporters.JUnitXMLReporter -->
<testsuite hostname="AQQA-02" name="Create Expense Test Cases" tests="3" failures="0" timestamp="4 Apr 2017 04:40:25 GMT" time="249.849" errors="0">
  <testcase name="LoginLogout" time="24.789" classname="testCases_Chrome.TC001_Login_to_SOLO"/>
  <testcase name="CreateBusinessExpense" time="84.274" classname="testCases_Chrome.TC002_Create_Business_Expense"/>
  <testcase name="CreatePeronalExpense" time="68.046" classname="testCases_Chrome.TC009_Create_Personal_Expense"/>
</testsuite> <!-- Create Expense Test Cases -->
