<?xml version="1.0" encoding="UTF-8"?>
<!-- Generated by org.testng.reporters.JUnitXMLReporter -->
<testsuite ignored="0" hostname="LAPTOP-D0EUV54V" failures="0" tests="3" name="Default test" time="20.261" errors="0" timestamp="2020-02-17T17:06:02 IST">
  <testcase classname="com.ExpenseOnDemand.utility.BrowserFactory" name="chromeBrowser" time="10.538"/>
  <testcase classname="com.ExpenseOnDemand.utility.BrowserFactory" name="firefoxBrowser" time="7.573"/>
  <testcase classname="com.ExpenseOnDemand.utility.BrowserFactory" name="ieBrowser" time="2.105"/>
</testsuite> <!-- Default test -->
