<?xml version="1.0" encoding="UTF-8"?>
<!-- Generated by org.testng.reporters.JUnitXMLReporter -->
<testsuite hostname="AQQA-02" name="Create Expense Test Cases" tests="3" failures="0" timestamp="4 Apr 2017 04:45:13 GMT" time="287.935" errors="0">
  <testcase name="LoginLogout" time="25.655" classname="testCases_IE.TC001_Login_to_SOLO"/>
  <testcase name="CreateBusinessExpense" time="129.99" classname="testCases_IE.TC002_Create_Business_Expense"/>
  <testcase name="CreatePeronalExpense" time="65.096" classname="testCases_IE.TC009_Create_Personal_Expense"/>
</testsuite> <!-- Create Expense Test Cases -->
