<?xml version="1.0" encoding="UTF-8"?>
<!-- Generated by org.testng.reporters.JUnitXMLReporter -->
<testsuite hostname="AQQA-02" name="Execution on IE" tests="12" failures="2" timestamp="29 Jul 2016 12:07:12 GMT" time="980.543" errors="0">
  <testcase name="LoginLogout" time="20.525" classname="testCases_IE.Login_to_SOLO"/>
  <testcase name="CreateBusinessExpense" time="54.054" classname="testCases_IE.Create_Business_Expense"/>
  <testcase name="CreateBusinessExpense_Mileage" time="72.054" classname="testCases_IE.Create_Business_Expense_Mileage"/>
  <testcase name="CreateBusinessExpense_EntertainmentClient" time="61.576" classname="testCases_IE.Create_Business_Expense_EntertainmentClient"/>
  <testcase name="CreateBusinessExpense_HotelAndLodging" time="65.669" classname="testCases_IE.Create_Business_Expense_HotelAndLodging"/>
  <testcase name="CreateBusinessExpensewithPDFReceipt" time="15.353" classname="testCases_IE.Create_Business_Expense_with_PDF_Receipt">
    <failure type="org.openqa.selenium.ElementNotVisibleException" message="Cannot click on element (WARNING: The server did not provide any stacktrace information)
Command duration or timeout: 8.47 seconds
Build info: version: &amp;apos;2.53.1&amp;apos;, revision: &amp;apos;a36b8b1&amp;apos;, time: &amp;apos;2016-06-30 17:32:46&amp;apos;
System info: host: &amp;apos;AQQA-02&amp;apos;, ip: &amp;apos;192.168.10.115&amp;apos;, os.name: &amp;apos;Windows 8.1&amp;apos;, os.arch: &amp;apos;amd64&amp;apos;, os.version: &amp;apos;6.3&amp;apos;, java.version: &amp;apos;1.8.0_45&amp;apos;
Driver info: org.openqa.selenium.ie.InternetExplorerDriver
Capabilities [{browserAttachTimeout=0, ie.enableFullPageScreenshot=true, enablePersistentHover=true, ie.forceCreateProcessApi=false, ie.forceShellWindowsApi=false, pageLoadStrategy=normal, ignoreZoomSetting=false, ie.fileUploadDialogTimeout=3000, version=11, platform=WINDOWS, nativeEvents=true, ie.ensureCleanSession=false, elementScrollBehavior=0, ie.browserCommandLineSwitches=, requireWindowFocus=false, browserName=internet explorer, initialBrowserUrl=http://localhost:16712/, javascriptEnabled=true, ignoreProtectedModeSettings=true, enableElementCacheCleanup=true, unexpectedAlertBehaviour=dismiss}]
Session ID: 3e568c86-04c5-434e-971f-ef39f6d83836">
      <![CDATA[org.openqa.selenium.ElementNotVisibleException: Cannot click on element (WARNING: The server did not provide any stacktrace information)
Command duration or timeout: 8.47 seconds
Build info: version: '2.53.1', revision: 'a36b8b1', time: '2016-06-30 17:32:46'
System info: host: 'AQQA-02', ip: '192.168.10.115', os.name: 'Windows 8.1', os.arch: 'amd64', os.version: '6.3', java.version: '1.8.0_45'
Driver info: org.openqa.selenium.ie.InternetExplorerDriver
Capabilities [{browserAttachTimeout=0, ie.enableFullPageScreenshot=true, enablePersistentHover=true, ie.forceCreateProcessApi=false, ie.forceShellWindowsApi=false, pageLoadStrategy=normal, ignoreZoomSetting=false, ie.fileUploadDialogTimeout=3000, version=11, platform=WINDOWS, nativeEvents=true, ie.ensureCleanSession=false, elementScrollBehavior=0, ie.browserCommandLineSwitches=, requireWindowFocus=false, browserName=internet explorer, initialBrowserUrl=http://localhost:16712/, javascriptEnabled=true, ignoreProtectedModeSettings=true, enableElementCacheCleanup=true, unexpectedAlertBehaviour=dismiss}]
Session ID: 3e568c86-04c5-434e-971f-ef39f6d83836
	at org.openqa.selenium.remote.ErrorHandler.createThrowable(ErrorHandler.java:206)
	at org.openqa.selenium.remote.ErrorHandler.throwIfResponseFailed(ErrorHandler.java:158)
	at org.openqa.selenium.remote.RemoteWebDriver.execute(RemoteWebDriver.java:678)
	at org.openqa.selenium.remote.RemoteWebElement.execute(RemoteWebElement.java:327)
	at org.openqa.selenium.remote.RemoteWebElement.click(RemoteWebElement.java:85)
	at appModules.BusinessExpWithReceipt_Action$BusinessExpWithReceiptPDF_Action.Execute(BusinessExpWithReceipt_Action.java:18)
	at testCases_IE.Create_Business_Expense_with_PDF_Receipt.CreateBusinessExpensewithPDFReceipt(Create_Business_Expense_with_PDF_Receipt.java:57)
... Removed 29 stack frames]]>
    </failure>
  </testcase> <!-- CreateBusinessExpensewithPDFReceipt -->
  <testcase name="CreateBusinessExpensewithPNGReceipt" time="24.065" classname="testCases_IE.Create_Business_Expense_with_PNG_Receipt">
    <failure type="org.openqa.selenium.NoSuchElementException" message="Unable to find element with id == LogOut (WARNING: The server did not provide any stacktrace information)
Command duration or timeout: 20.24 seconds
For documentation on this error, please visit: http://seleniumhq.org/exceptions/no_such_element.html
Build info: version: &amp;apos;2.53.1&amp;apos;, revision: &amp;apos;a36b8b1&amp;apos;, time: &amp;apos;2016-06-30 17:32:46&amp;apos;
System info: host: &amp;apos;AQQA-02&amp;apos;, ip: &amp;apos;192.168.10.115&amp;apos;, os.name: &amp;apos;Windows 8.1&amp;apos;, os.arch: &amp;apos;amd64&amp;apos;, os.version: &amp;apos;6.3&amp;apos;, java.version: &amp;apos;1.8.0_45&amp;apos;
Driver info: org.openqa.selenium.ie.InternetExplorerDriver
Capabilities [{browserAttachTimeout=0, ie.enableFullPageScreenshot=true, enablePersistentHover=true, ie.forceCreateProcessApi=false, ie.forceShellWindowsApi=false, pageLoadStrategy=normal, ignoreZoomSetting=false, ie.fileUploadDialogTimeout=3000, version=11, platform=WINDOWS, nativeEvents=true, ie.ensureCleanSession=false, elementScrollBehavior=0, ie.browserCommandLineSwitches=, requireWindowFocus=false, browserName=internet explorer, initialBrowserUrl=http://localhost:14842/, javascriptEnabled=true, ignoreProtectedModeSettings=true, enableElementCacheCleanup=true, unexpectedAlertBehaviour=dismiss}]
Session ID: 5e5b9d75-63b5-4a48-b42e-a67896329828
*** Element info: {Using=id, value=LogOut}">
      <![CDATA[org.openqa.selenium.NoSuchElementException: Unable to find element with id == LogOut (WARNING: The server did not provide any stacktrace information)
Command duration or timeout: 20.24 seconds
For documentation on this error, please visit: http://seleniumhq.org/exceptions/no_such_element.html
Build info: version: '2.53.1', revision: 'a36b8b1', time: '2016-06-30 17:32:46'
System info: host: 'AQQA-02', ip: '192.168.10.115', os.name: 'Windows 8.1', os.arch: 'amd64', os.version: '6.3', java.version: '1.8.0_45'
Driver info: org.openqa.selenium.ie.InternetExplorerDriver
Capabilities [{browserAttachTimeout=0, ie.enableFullPageScreenshot=true, enablePersistentHover=true, ie.forceCreateProcessApi=false, ie.forceShellWindowsApi=false, pageLoadStrategy=normal, ignoreZoomSetting=false, ie.fileUploadDialogTimeout=3000, version=11, platform=WINDOWS, nativeEvents=true, ie.ensureCleanSession=false, elementScrollBehavior=0, ie.browserCommandLineSwitches=, requireWindowFocus=false, browserName=internet explorer, initialBrowserUrl=http://localhost:14842/, javascriptEnabled=true, ignoreProtectedModeSettings=true, enableElementCacheCleanup=true, unexpectedAlertBehaviour=dismiss}]
Session ID: 5e5b9d75-63b5-4a48-b42e-a67896329828
*** Element info: {Using=id, value=LogOut}
	at org.openqa.selenium.remote.ErrorHandler.createThrowable(ErrorHandler.java:206)
	at org.openqa.selenium.remote.ErrorHandler.throwIfResponseFailed(ErrorHandler.java:158)
	at org.openqa.selenium.remote.RemoteWebDriver.execute(RemoteWebDriver.java:678)
	at org.openqa.selenium.remote.RemoteWebDriver.findElement(RemoteWebDriver.java:363)
	at org.openqa.selenium.remote.RemoteWebDriver.findElementById(RemoteWebDriver.java:413)
	at org.openqa.selenium.By$ById.findElement(By.java:218)
	at org.openqa.selenium.remote.RemoteWebDriver.findElement(RemoteWebDriver.java:355)
	at pageObjects.Home_Page.lnk_LogOut(Home_Page.java:18)
	at appModules.SignIn_Action.Execute(SignIn_Action.java:28)
	at testCases_IE.Create_Business_Expense_with_PNG_Receipt.CreateBusinessExpensewithPNGReceipt(Create_Business_Expense_with_PNG_Receipt.java:56)
... Removed 29 stack frames]]>
    </failure>
  </testcase> <!-- CreateBusinessExpensewithPNGReceipt -->
  <testcase name="CreateBusinessExpensewithPDFandPNGReceipt" time="122.581" classname="testCases_IE.Create_Business_Expense_with_PDF_PNG_Receipt"/>
  <testcase name="CreatePeronalExpense" time="75.335" classname="testCases_IE.Create_Personal_Expense"/>
  <testcase name="CreatePersonalExpensewithPDFReceipt" time="91.714" classname="testCases_IE.Create_Personal_Expense_with_PDF_Receipt"/>
  <testcase name="CreatePersonalExpensewithPNGReceipt" time="98.511" classname="testCases_IE.Create_Personal_Expense_with_PNG_Receipt"/>
  <testcase name="CreatePersonalExpensewithPDFandPNGReceipt" time="124.532" classname="testCases_IE.Create_Personal_Expense_with_PDF_PNG_Receipt"/>
</testsuite> <!-- Execution on IE -->
