<?xml version="1.0" encoding="UTF-8"?>
<!-- Generated by org.testng.reporters.JUnitXMLReporter -->
<testsuite hostname="AQQA-02" name="Execution on IE" tests="12" failures="0" timestamp="29 Jul 2016 10:44:16 GMT" time="1066.078" errors="0">
  <testcase name="LoginLogout" time="16.441" classname="testCases_IE.Login_to_SOLO"/>
  <testcase name="CreateBusinessExpense" time="53.26" classname="testCases_IE.Create_Business_Expense"/>
  <testcase name="CreateBusinessExpense_Mileage" time="66.514" classname="testCases_IE.Create_Business_Expense_Mileage"/>
  <testcase name="CreateBusinessExpense_EntertainmentClient" time="55.11" classname="testCases_IE.Create_Business_Expense_EntertainmentClient"/>
  <testcase name="CreateBusinessExpense_HotelAndLodging" time="62.013" classname="testCases_IE.Create_Business_Expense_HotelAndLodging"/>
  <testcase name="CreateBusinessExpensewithPDFReceipt" time="86.085" classname="testCases_IE.Create_Business_Expense_with_PDF_Receipt"/>
  <testcase name="CreateBusinessExpensewithPNGReceipt" time="82.157" classname="testCases_IE.Create_Business_Expense_with_PNG_Receipt"/>
  <testcase name="CreateBusinessExpensewithPDFandPNGReceipt" time="112.06" classname="testCases_IE.Create_Business_Expense_with_PDF_PNG_Receipt"/>
  <testcase name="CreatePeronalExpense" time="76.707" classname="testCases_IE.Create_Personal_Expense"/>
  <testcase name="CreatePersonalExpensewithPDFReceipt" time="87.413" classname="testCases_IE.Create_Personal_Expense_with_PDF_Receipt"/>
  <testcase name="CreatePersonalExpensewithPNGReceipt" time="89.32" classname="testCases_IE.Create_Personal_Expense_with_PNG_Receipt"/>
  <testcase name="CreatePersonalExpensewithPDFandPNGReceipt" time="117.568" classname="testCases_IE.Create_Personal_Expense_with_PDF_PNG_Receipt"/>
</testsuite> <!-- Execution on IE -->
