<?xml version="1.0" encoding="UTF-8"?>
<!-- Generated by org.testng.reporters.JUnitXMLReporter -->
<testsuite hostname="AQQA-02" name="Execution on Mozilla" tests="12" failures="0" timestamp="29 Jul 2016 11:34:15 GMT" time="1189.266" errors="0">
  <testcase name="LoginLogout" time="28.775" classname="testCases_Mozilla.Login_to_SOLO"/>
  <testcase name="CreateBusinessExpense" time="48.151" classname="testCases_Mozilla.Create_Business_Expense"/>
  <testcase name="CreateBusinessExpense_Mileage" time="63.671" classname="testCases_Mozilla.Create_Business_Expense_Mileage"/>
  <testcase name="CreateBusinessExpense_EntertainmentClient" time="52.355" classname="testCases_Mozilla.Create_Business_Expense_EntertainmentClient"/>
  <testcase name="CreateBusinessExpense_HotelAndLodging" time="62.913" classname="testCases_Mozilla.Create_Business_Expense_HotelAndLodging"/>
  <testcase name="CreateBusinessExpensewithPDFReceipt" time="94.214" classname="testCases_Mozilla.Create_Business_Expense_with_PDF_Receipt"/>
  <testcase name="CreateBusinessExpensewithPNGReceipt" time="79.167" classname="testCases_Mozilla.Create_Business_Expense_with_PNG_Receipt"/>
  <testcase name="CreateBusinessExpensewithPDFandPNGReceipt" time="124.808" classname="testCases_Mozilla.Create_Business_Expense_with_PDF_PNG_Receipt"/>
  <testcase name="CreatePeronalExpense" time="83.501" classname="testCases_Mozilla.Create_Personal_Expense"/>
  <testcase name="CreatePersonalExpensewithPDFReceipt" time="81.166" classname="testCases_Mozilla.Create_Personal_Expense_with_PDF_Receipt"/>
  <testcase name="CreatePersonalExpensewithPNGReceipt" time="89.699" classname="testCases_Mozilla.Create_Personal_Expense_with_PNG_Receipt"/>
  <testcase name="CreatePersonalExpensewithPDFandPNGReceipt" time="115.151" classname="testCases_Mozilla.Create_Personal_Expense_with_PDF_PNG_Receipt"/>
</testsuite> <!-- Execution on Mozilla -->
