<?xml version="1.0" encoding="UTF-8"?>
<!-- Generated by org.testng.reporters.JUnitXMLReporter -->
<testsuite hostname="AQQA-02" name="Create Expense Test Cases" tests="12" failures="0" timestamp="1 Aug 2016 05:18:00 GMT" time="1200.394" errors="0">
  <testcase name="LoginLogout" time="27.8" classname="testCases_Mozilla.Login_to_SOLO"/>
  <testcase name="CreateBusinessExpense" time="50.559" classname="testCases_Mozilla.Create_Business_Expense"/>
  <testcase name="CreateBusinessExpense_Mileage" time="61.744" classname="testCases_Mozilla.Create_Business_Expense_Mileage"/>
  <testcase name="CreateBusinessExpense_EntertainmentClient" time="50.903" classname="testCases_Mozilla.Create_Business_Expense_EntertainmentClient"/>
  <testcase name="CreateBusinessExpense_HotelAndLodging" time="101.605" classname="testCases_Mozilla.Create_Business_Expense_HotelAndLodging"/>
  <testcase name="CreateBusinessExpensewithPDFReceipt" time="84.139" classname="testCases_Mozilla.Create_Business_Expense_with_PDF_Receipt"/>
  <testcase name="CreateBusinessExpensewithPNGReceipt" time="81.589" classname="testCases_Mozilla.Create_Business_Expense_with_PNG_Receipt"/>
  <testcase name="CreateBusinessExpensewithPDFandPNGReceipt" time="110.015" classname="testCases_Mozilla.Create_Business_Expense_with_PDF_PNG_Receipt"/>
  <testcase name="CreatePeronalExpense" time="62.54" classname="testCases_Mozilla.Create_Personal_Expense"/>
  <testcase name="CreatePersonalExpensewithPDFReceipt" time="79.21" classname="testCases_Mozilla.Create_Personal_Expense_with_PDF_Receipt"/>
  <testcase name="CreatePersonalExpensewithPNGReceipt" time="93.49" classname="testCases_Mozilla.Create_Personal_Expense_with_PNG_Receipt"/>
  <testcase name="CreatePersonalExpensewithPDFandPNGReceipt" time="121.595" classname="testCases_Mozilla.Create_Personal_Expense_with_PDF_PNG_Receipt"/>
</testsuite> <!-- Create Expense Test Cases -->
