<?xml version="1.0" encoding="UTF-8"?>
<testng-results ignored="0" total="0" passed="0" failed="0" skipped="0">
  <reporter-output>
  </reporter-output>
  <suite started-at="2020-02-24T17:29:13 IST" name="Suite1" finished-at="2020-02-24T17:29:33 IST" duration-ms="20118">
    <groups>
    </groups>
    <test started-at="2020-02-24T17:29:13 IST" name="Test on firefox" finished-at="2020-02-24T17:29:33 IST" duration-ms="20118">
      <class name="com.ExpenseOnDemand.utility.BrowserFactory">
        <test-method is-config="true" signature="launchBrowser(java.lang.String)[pri:0, instance:com.ExpenseOnDemand.utility.BrowserFactory@7f1302d6]" started-at="2020-02-24T17:29:13 IST" name="launchBrowser" finished-at="2020-02-24T17:29:33 IST" duration-ms="20098" status="PASS">
          <params>
            <param index="0">
              <value>
                <![CDATA[firefox]]>
              </value>
            </param>
          </params>
          <reporter-output>
          </reporter-output>
        </test-method> <!-- launchBrowser -->
      </class> <!-- com.ExpenseOnDemand.utility.BrowserFactory -->
    </test> <!-- Test on firefox -->
  </suite> <!-- Suite1 -->
</testng-results>
