<?xml version="1.0" encoding="UTF-8"?>
<testng-results skipped="0" failed="0" total="1" passed="1">
  <reporter-output>
  </reporter-output>
  <suite name="Suite" duration-ms="17624" started-at="2017-04-04T04:45:36Z" finished-at="2017-04-04T04:45:54Z">
    <groups>
    </groups>
    <test name="Test" duration-ms="17624" started-at="2017-04-04T04:45:36Z" finished-at="2017-04-04T04:45:54Z">
      <class name="SendMail.Reporting">
        <test-method status="PASS" signature="beforeSuite()[pri:0, instance:SendMail.Reporting@d8355a8]" name="beforeSuite" is-config="true" duration-ms="14" started-at="2017-04-04T10:15:36Z" finished-at="2017-04-04T10:15:36Z">
          <reporter-output>
          </reporter-output>
        </test-method> <!-- beforeSuite -->
        <test-method status="PASS" signature="SendReport()[pri:0, instance:SendMail.Reporting@d8355a8]" name="SendReport" duration-ms="17582" started-at="2017-04-04T10:15:36Z" finished-at="2017-04-04T10:15:54Z">
          <reporter-output>
          </reporter-output>
        </test-method> <!-- SendReport -->
        <test-method status="PASS" signature="afterSuite()[pri:0, instance:SendMail.Reporting@d8355a8]" name="afterSuite" is-config="true" duration-ms="0" started-at="2017-04-04T10:15:54Z" finished-at="2017-04-04T10:15:54Z">
          <reporter-output>
          </reporter-output>
        </test-method> <!-- afterSuite -->
      </class> <!-- SendMail.Reporting -->
    </test> <!-- Test -->
  </suite> <!-- Suite -->
</testng-results>
